INFO 2025-04-03 16:41:56 FaceDetModelLoader.py: 16] Start to analyze the face detection model, model path: models, model category: face_detection，model name: face_detection_1.0
INFO 2025-04-03 16:41:56 BaseModelLoader.py: 34] Successfully parsed the model configuration file meta.json!
INFO 2025-04-03 16:41:57 FaceDetModelLoader.py: 34] Successfully loaded the face detection model!
INFO 2025-04-03 16:42:03 FaceAlignModelLoader.py: 16] Start to analyze the face landmark model, model path: models, model category: face_alignment，model name: face_alignment_1.0
INFO 2025-04-03 16:42:03 BaseModelLoader.py: 34] Successfully parsed the model configuration file meta.json!
INFO 2025-04-03 16:42:03 FaceAlignModelLoader.py: 29] Successfully loaded the face landmark model!
INFO 2025-04-03 16:42:12 FaceRecModelLoader.py: 16] Start to analyze the face recognition model, model path: models, model category: face_recognition，model name: face_recognition_1.0
INFO 2025-04-03 16:42:12 BaseModelLoader.py: 34] Successfully parsed the model configuration file meta.json!
INFO 2025-04-03 16:42:12 FaceRecModelLoader.py: 30] Successfully loaded the face recognition model!
INFO 2025-04-03 16:42:19 FaceDetModelLoader.py: 16] Start to analyze the face detection model, model path: models, model category: face_detection，model name: face_detection_1.0
INFO 2025-04-03 16:42:19 BaseModelLoader.py: 34] Successfully parsed the model configuration file meta.json!
INFO 2025-04-03 16:42:19 FaceDetModelLoader.py: 34] Successfully loaded the face detection model!
INFO 2025-04-03 16:42:19 FaceAlignModelLoader.py: 16] Start to analyze the face landmark model, model path: models, model category: face_alignment，model name: face_alignment_1.0
INFO 2025-04-03 16:42:19 BaseModelLoader.py: 34] Successfully parsed the model configuration file meta.json!
INFO 2025-04-03 16:42:19 FaceAlignModelLoader.py: 29] Successfully loaded the face landmark model!
INFO 2025-04-03 16:42:19 FaceRecModelLoader.py: 16] Start to analyze the face recognition model, model path: models, model category: face_recognition，model name: face_recognition_1.0
INFO 2025-04-03 16:42:19 BaseModelLoader.py: 34] Successfully parsed the model configuration file meta.json!
INFO 2025-04-03 16:42:19 FaceRecModelLoader.py: 30] Successfully loaded the face recognition model!
INFO 2025-04-03 16:42:28 FaceDetModelLoader.py: 16] Start to analyze the face detection model, model path: models, model category: face_detection，model name: face_detection_1.0
INFO 2025-04-03 16:42:28 BaseModelLoader.py: 34] Successfully parsed the model configuration file meta.json!
INFO 2025-04-03 16:42:28 FaceDetModelLoader.py: 34] Successfully loaded the face detection model!
INFO 2025-04-03 16:42:28 FaceAlignModelLoader.py: 16] Start to analyze the face landmark model, model path: models, model category: face_alignment，model name: face_alignment_1.0
INFO 2025-04-03 16:42:28 BaseModelLoader.py: 34] Successfully parsed the model configuration file meta.json!
INFO 2025-04-03 16:42:28 FaceAlignModelLoader.py: 29] Successfully loaded the face landmark model!
INFO 2025-04-03 16:42:28 FaceParsingModelLoader.py: 17] Start to analyze the face parsing model, model path: models, model category: face_parsing，model name: face_parsing_1.0
INFO 2025-04-03 16:42:28 BaseModelLoader.py: 34] Successfully parsed the model configuration file meta.json!
ERROR 2025-04-03 16:42:28 FaceParsingModelLoader.py: 29] The model failed to load, please check the model path: models\face_parsing\face_parsing_1.0\face_parsing.farl.lapa.main_ema_136500_jit191.pt!
INFO 2025-04-03 16:45:59 FaceDetModelLoader.py: 16] Start to analyze the face detection model, model path: models, model category: face_detection，model name: face_detection_1.0
INFO 2025-04-03 16:45:59 BaseModelLoader.py: 34] Successfully parsed the model configuration file meta.json!
INFO 2025-04-03 16:45:59 FaceDetModelLoader.py: 34] Successfully loaded the face detection model!
INFO 2025-04-03 16:45:59 FaceAlignModelLoader.py: 16] Start to analyze the face landmark model, model path: models, model category: face_alignment，model name: face_alignment_1.0
INFO 2025-04-03 16:45:59 BaseModelLoader.py: 34] Successfully parsed the model configuration file meta.json!
INFO 2025-04-03 16:45:59 FaceAlignModelLoader.py: 29] Successfully loaded the face landmark model!
INFO 2025-04-03 16:45:59 FaceRecModelLoader.py: 16] Start to analyze the face recognition model, model path: models, model category: face_recognition，model name: face_recognition_1.0
INFO 2025-04-03 16:45:59 BaseModelLoader.py: 34] Successfully parsed the model configuration file meta.json!
INFO 2025-04-03 16:45:59 FaceRecModelLoader.py: 30] Successfully loaded the face recognition model!
